#
# There is insufficient memory for the Java Runtime Environment to continue.
# Native memory allocation (malloc) failed to allocate 32744 bytes for ChunkPool::allocate
# Possible reasons:
#   The system is out of physical RAM or swap space
#   In 32 bit mode, the process size limit was hit
# Possible solutions:
#   Reduce memory load on the system
#   Increase physical memory or swap space
#   Check if swap backing store is full
#   Use 64 bit Java on a 64 bit OS
#   Decrease Java heap size (-Xmx/-Xms)
#   Decrease number of Java threads
#   Decrease Java thread stack sizes (-Xss)
#   Set larger code cache with -XX:ReservedCodeCacheSize=
# This output file may be truncated or incomplete.
#
#  Out of Memory Error (allocation.cpp:273), pid=2432, tid=0x00000000000016b4
#
# JRE version: Java(TM) SE Runtime Environment (8.0_101-b13) (build 1.8.0_101-b13)
# Java VM: Java HotSpot(TM) 64-Bit Server VM (25.101-b13 mixed mode windows-amd64 compressed oops)
# Failed to write core dump. Minidumps are not enabled by default on client versions of Windows
#

---------------  T H R E A D  ---------------

Current thread (0x00000000566fb800):  JavaThread "C1 CompilerThread2" daemon [_thread_in_vm, id=5812, stack(0x0000000056e50000,0x0000000056f50000)]

Stack: [0x0000000056e50000,0x0000000056f50000]
[error occurred during error reporting (printing stack bounds), id 0xc0000005]

Native frames: (J=compiled Java code, j=interpreted, Vv=VM code, C=native code)


Current CompileTask:
C1:   5465 1528       3       com.android.dx.util.Hex::u2 (44 bytes)


---------------  P R O C E S S  ---------------

Java Threads: ( => current thread )
  0x000000005675c800 JavaThread "Service Thread" daemon [_thread_blocked, id=5932, stack(0x00000000570e0000,0x00000000571e0000)]
=>0x00000000566fb800 JavaThread "C1 CompilerThread2" daemon [_thread_in_vm, id=5812, stack(0x0000000056e50000,0x0000000056f50000)]
  0x00000000566fa000 JavaThread "C2 CompilerThread1" daemon [_thread_in_native, id=2516, stack(0x0000000056d10000,0x0000000056e10000)]
  0x00000000566f6000 JavaThread "C2 CompilerThread0" daemon [_thread_in_native, id=1772, stack(0x00000000564e0000,0x00000000565e0000)]
  0x00000000566f2800 JavaThread "Attach Listener" daemon [_thread_blocked, id=7156, stack(0x0000000056be0000,0x0000000056ce0000)]
  0x0000000055074800 JavaThread "Signal Dispatcher" daemon [_thread_blocked, id=2932, stack(0x00000000562e0000,0x00000000563e0000)]
  0x0000000055059800 JavaThread "Finalizer" daemon [_thread_blocked, id=6992, stack(0x00000000565f0000,0x00000000566f0000)]
  0x0000000055012000 JavaThread "Reference Handler" daemon [_thread_blocked, id=5660, stack(0x00000000563e0000,0x00000000564e0000)]
  0x000000000237e000 JavaThread "main" [_thread_in_Java, id=7008, stack(0x0000000002620000,0x0000000002720000)]

Other Threads:
  0x000000005500a800 VMThread [stack: 0x0000000056110000,0x0000000056210000] [id=6972]
  0x0000000056764800 WatcherThread [stack: 0x0000000057260000,0x0000000057360000] [id=5260]

VM state:not at safepoint (normal execution)

VM Mutex/Monitor currently owned by a thread: None

Heap:
 PSYoungGen      total 37888K, used 32294K [0x00000000eab00000, 0x00000000ef500000, 0x0000000100000000)
  eden space 32768K, 83% used [0x00000000eab00000,0x00000000ec58fb90,0x00000000ecb00000)
  from space 5120K, 99% used [0x00000000ecb00000,0x00000000ecff9c78,0x00000000ed000000)
  to   space 5120K, 0% used [0x00000000ef000000,0x00000000ef000000,0x00000000ef500000)
 ParOldGen       total 86016K, used 1723K [0x00000000c0000000, 0x00000000c5400000, 0x00000000eab00000)
  object space 86016K, 2% used [0x00000000c0000000,0x00000000c01aef20,0x00000000c5400000)
 Metaspace       used 5903K, capacity 7088K, committed 7296K, reserved 1056768K
  class space    used 565K, capacity 616K, committed 640K, reserved 1048576K

Card table byte_map: [0x0000000011db0000,0x0000000011fc0000] byte_map_base: 0x00000000117b0000

Marking Bits: (ParMarkBitMap*) 0x000000006eb9a6d0
 Begin Bits: [0x0000000012480000, 0x0000000013480000)
 End Bits:   [0x0000000013480000, 0x0000000014480000)

Polling page: 0x0000000000250000

CodeCache: size=245760Kb used=6380Kb max_used=6380Kb free=239379Kb
 bounds [0x00000000029f0000, 0x0000000003030000, 0x00000000119f0000]
 total_blobs=1781 nmethods=1517 adapters=178
 compilation: enabled

Compilation events (10 events):
Event: 5.394 Thread 0x00000000566fb800 nmethod 1523 0x000000000302b4d0 code [0x000000000302b700, 0x000000000302c338]
Event: 5.425 Thread 0x00000000566fb800 1524       3       com.android.dx.rop.cst.CstArray$List::set (7 bytes)
Event: 5.426 Thread 0x00000000566fb800 nmethod 1524 0x000000000302c8d0 code [0x000000000302caa0, 0x000000000302d268]
Event: 5.428 Thread 0x00000000566fb800 1525  s    3       com.android.dx.dex.file.FieldIdsSection::intern (55 bytes)
Event: 5.429 Thread 0x00000000566fb800 nmethod 1525 0x000000000302d810 code [0x000000000302da40, 0x000000000302e728]
Event: 5.432 Thread 0x00000000566fb800 1526       3       java.util.TreeMap$EntryIterator::next (5 bytes)
Event: 5.432 Thread 0x00000000566fb800 nmethod 1526 0x000000000302ee50 code [0x000000000302efc0, 0x000000000302f2a8]
Event: 5.433 Thread 0x00000000566fb800 1527       3       com.android.dx.cf.code.OneLocalsArray::makeInitialized (55 bytes)
Event: 5.434 Thread 0x00000000566fb800 nmethod 1527 0x000000000302f350 code [0x000000000302f500, 0x000000000302fb98]
Event: 5.461 Thread 0x00000000566fb800 1528       3       com.android.dx.util.Hex::u2 (44 bytes)

GC Heap History (2 events):
Event: 3.449 GC heap before
{Heap before GC invocations=1 (full 0):
 PSYoungGen      total 37888K, used 32768K [0x00000000eab00000, 0x00000000ed500000, 0x0000000100000000)
  eden space 32768K, 100% used [0x00000000eab00000,0x00000000ecb00000,0x00000000ecb00000)
  from space 5120K, 0% used [0x00000000ed000000,0x00000000ed000000,0x00000000ed500000)
  to   space 5120K, 0% used [0x00000000ecb00000,0x00000000ecb00000,0x00000000ed000000)
 ParOldGen       total 86016K, used 0K [0x00000000c0000000, 0x00000000c5400000, 0x00000000eab00000)
  object space 86016K, 0% used [0x00000000c0000000,0x00000000c0000000,0x00000000c5400000)
 Metaspace       used 5825K, capacity 7024K, committed 7296K, reserved 1056768K
  class space    used 565K, capacity 616K, committed 640K, reserved 1048576K
Event: 4.200 GC heap after
Heap after GC invocations=1 (full 0):
 PSYoungGen      total 37888K, used 5095K [0x00000000eab00000, 0x00000000ef500000, 0x0000000100000000)
  eden space 32768K, 0% used [0x00000000eab00000,0x00000000eab00000,0x00000000ecb00000)
  from space 5120K, 99% used [0x00000000ecb00000,0x00000000ecff9c78,0x00000000ed000000)
  to   space 5120K, 0% used [0x00000000ef000000,0x00000000ef000000,0x00000000ef500000)
 ParOldGen       total 86016K, used 1723K [0x00000000c0000000, 0x00000000c5400000, 0x00000000eab00000)
  object space 86016K, 2% used [0x00000000c0000000,0x00000000c01aef20,0x00000000c5400000)
 Metaspace       used 5825K, capacity 7024K, committed 7296K, reserved 1056768K
  class space    used 565K, capacity 616K, committed 640K, reserved 1048576K
}

Deoptimization events (10 events):
Event: 1.853 Thread 0x000000000237e000 Uncommon trap: reason=unstable_if action=reinterpret pc=0x0000000002c8ada4 method=java.util.BitSet.ensureCapacity(I)V @ 6
Event: 1.853 Thread 0x000000000237e000 Uncommon trap: reason=unstable_if action=reinterpret pc=0x0000000002be9120 method=java.util.BitSet.nextSetBit(I)I @ 87
Event: 1.944 Thread 0x000000000237e000 Uncommon trap: reason=unstable_if action=reinterpret pc=0x0000000002c2b38c method=java.util.HashMap.getNode(ILjava/lang/Object;)Ljava/util/HashMap$Node; @ 62
Event: 2.163 Thread 0x000000000237e000 Uncommon trap: reason=class_check action=maybe_recompile pc=0x0000000002cb27c0 method=com.android.dx.ssa.NormalSsaInsn.accept(Lcom/android/dx/ssa/SsaInsn$Visitor;)V @ 9
Event: 2.163 Thread 0x000000000237e000 Uncommon trap: reason=class_check action=maybe_recompile pc=0x0000000002cb27c0 method=com.android.dx.ssa.NormalSsaInsn.accept(Lcom/android/dx/ssa/SsaInsn$Visitor;)V @ 9
Event: 2.164 Thread 0x000000000237e000 Uncommon trap: reason=class_check action=maybe_recompile pc=0x0000000002cb27c0 method=com.android.dx.ssa.NormalSsaInsn.accept(Lcom/android/dx/ssa/SsaInsn$Visitor;)V @ 9
Event: 2.164 Thread 0x000000000237e000 Uncommon trap: reason=class_check action=maybe_recompile pc=0x0000000002cb27c0 method=com.android.dx.ssa.NormalSsaInsn.accept(Lcom/android/dx/ssa/SsaInsn$Visitor;)V @ 9
Event: 2.164 Thread 0x000000000237e000 Uncommon trap: reason=class_check action=maybe_recompile pc=0x0000000002c552a0 method=com.android.dx.ssa.NormalSsaInsn.accept(Lcom/android/dx/ssa/SsaInsn$Visitor;)V @ 9
Event: 2.651 Thread 0x000000000237e000 Uncommon trap: reason=unstable_if action=reinterpret pc=0x0000000002e3eec0 method=java.lang.String.<init>([CII)V @ 18
Event: 2.725 Thread 0x000000000237e000 Uncommon trap: reason=unstable_if action=reinterpret pc=0x0000000002e3b0a4 method=com.android.dx.rop.code.RegisterSpecSet.<init>(I)V @ 2

Internal exceptions (2 events):
Event: 0.061 Thread 0x000000000237e000 Exception <a 'java/lang/NoSuchMethodError': Method sun.misc.Unsafe.defineClass(Ljava/lang/String;[BII)Ljava/lang/Class; name or signature does not match> (0x00000000eab07cc0) thrown at [C:\re\workspace\8-2-build-windows-amd64-cygwin\jdk8u101\7261\hotspot\s<¢É§A¯?
Event: 0.061 Thread 0x000000000237e000 Exception <a 'java/lang/NoSuchMethodError': Method sun.misc.Unsafe.prefetchRead(Ljava/lang/Object;J)V name or signature does not match> (0x00000000eab07fa8) thrown at [C:\re\workspace\8-2-build-windows-amd64-cygwin\jdk8u101\7261\hotspot\src\share\vm\prims\

Events (10 events):
Event: 2.651 Thread 0x000000000237e000 Uncommon trap: trap_request=0xffffff65 fr.pc=0x0000000002e3eec0
Event: 2.651 Thread 0x000000000237e000 DEOPT PACKING pc=0x0000000002e3eec0 sp=0x000000000271e270
Event: 2.651 Thread 0x000000000237e000 DEOPT UNPACKING pc=0x0000000002a3582a sp=0x000000000271e1a0 mode 2
Event: 2.725 Thread 0x000000000237e000 Uncommon trap: trap_request=0xffffff65 fr.pc=0x0000000002e3b0a4
Event: 2.725 Thread 0x000000000237e000 DEOPT PACKING pc=0x0000000002e3b0a4 sp=0x000000000271e610
Event: 2.725 Thread 0x000000000237e000 DEOPT UNPACKING pc=0x0000000002a3582a sp=0x000000000271e540 mode 2
Event: 3.449 Executing VM operation: ParallelGCFailedAllocation
Event: 4.200 Executing VM operation: ParallelGCFailedAllocation done
Event: 4.590 Executing VM operation: EnableBiasedLocking
Event: 4.591 Executing VM operation: EnableBiasedLocking done


Dynamic libraries:
0x000000013f4e0000 - 0x000000013f517000 	C:\Program Files\Java\jdk1.8.0_101\bin\java.exe
0x00000000771f0000 - 0x000000007739b000 	C:\Windows\SYSTEM32\ntdll.dll
0x00000000770d0000 - 0x00000000771ef000 	C:\Windows\system32\kernel32.dll
0x000007fefd240000 - 0x000007fefd2aa000 	C:\Windows\system32\KERNELBASE.dll
0x000007fefed50000 - 0x000007fefee2b000 	C:\Windows\system32\ADVAPI32.dll
0x000007fefe790000 - 0x000007fefe82f000 	C:\Windows\system32\msvcrt.dll
0x000007fefeac0000 - 0x000007fefeadf000 	C:\Windows\SYSTEM32\sechost.dll
0x000007fefd4f0000 - 0x000007fefd61d000 	C:\Windows\system32\RPCRT4.dll
0x0000000076fd0000 - 0x00000000770ca000 	C:\Windows\system32\USER32.dll
0x000007fefd370000 - 0x000007fefd3d7000 	C:\Windows\system32\GDI32.dll
0x000007fefe6e0000 - 0x000007fefe6ee000 	C:\Windows\system32\LPK.dll
0x000007fefe610000 - 0x000007fefe6da000 	C:\Windows\system32\USP10.dll
0x000007fefb990000 - 0x000007fefbb84000 	C:\Windows\WinSxS\amd64_microsoft.windows.common-controls_6595b64144ccf1df_6.0.7601.18837_none_fa3b1e3d17594757\COMCTL32.dll
0x000007fefea40000 - 0x000007fefeab1000 	C:\Windows\system32\SHLWAPI.dll
0x000007fefd6c0000 - 0x000007fefd6ee000 	C:\Windows\system32\IMM32.DLL
0x000007fefd3e0000 - 0x000007fefd4e9000 	C:\Windows\system32\MSCTF.dll
0x000007fefd1b0000 - 0x000007fefd1b5000 	C:\Windows\system32\api-ms-win-downlevel-advapi32-l1-1-0.dll
0x000007fefcd40000 - 0x000007fefcd65000 	C:\Windows\system32\SspiCli.dll
0x0000000073a00000 - 0x0000000073ad2000 	C:\Program Files\Java\jdk1.8.0_101\jre\bin\msvcr100.dll
0x000000006e380000 - 0x000000006ec1a000 	C:\Program Files\Java\jdk1.8.0_101\jre\bin\server\jvm.dll
0x000007fef7500000 - 0x000007fef7509000 	C:\Windows\system32\WSOCK32.dll
0x000007feff3d0000 - 0x000007feff41d000 	C:\Windows\system32\WS2_32.dll
0x000007fefed40000 - 0x000007fefed48000 	C:\Windows\system32\NSI.dll
0x000007fefaef0000 - 0x000007fefaf2b000 	C:\Windows\system32\WINMM.dll
0x000007fefc020000 - 0x000007fefc02c000 	C:\Windows\system32\VERSION.dll
0x00000000773b0000 - 0x00000000773b7000 	C:\Windows\system32\PSAPI.DLL
0x0000000074bc0000 - 0x0000000074bcf000 	C:\Program Files\Java\jdk1.8.0_101\jre\bin\verify.dll
0x0000000074b90000 - 0x0000000074bb9000 	C:\Program Files\Java\jdk1.8.0_101\jre\bin\java.dll
0x0000000074b70000 - 0x0000000074b86000 	C:\Program Files\Java\jdk1.8.0_101\jre\bin\zip.dll
0x000007fefd880000 - 0x000007fefe60c000 	C:\Windows\system32\SHELL32.dll
0x000007fefe830000 - 0x000007fefea33000 	C:\Windows\system32\ole32.dll
0x000007fefcf40000 - 0x000007fefcf4f000 	C:\Windows\system32\profapi.dll

VM Arguments:
jvm_args: -Djava.awt.headless=true -Xmx1024M -Dfile.encoding=windows-1252 -Duser.country=US -Duser.language=en -Duser.variant 
java_command: com.android.dx.command.Main --dex --force-jumbo --multi-dex --output C:\Users\Paul\AndroidStudioProjects\Sunshine\app\build\intermediates\transforms\dex\debug\folders\1000\10\internal_impl-24.2.0_6217a21f910d684980e2e450d581d244742b4f90 C:\Users\Paul\AndroidStudioProjects\Sunshine\app\build\intermediates\exploded-aar\com.android.support\support-compat\24.2.0\jars\libs\internal_impl-24.2.0.jar
java_class_path (initial): C:\Users\Paul\AppData\Local\Android\sdk\build-tools\21.1.2\lib\dx.jar
Launcher Type: SUN_STANDARD

Environment Variables:
CLASSPATH=%CLASSPATH%;JUnit\junit4.12.jar;JUnit\junit4.12.jar;JUnit\junit4.12.jar
PATH=C:\ProgramData\Oracle\Java\javapath;C:\Python27\;C:\Python27\Scripts;C:\Python34\;C:\Python34\Scripts;C:\Windows\system32;C:\Windows;C:\Windows\System32\Wbem;C:\Windows\System32\WindowsPowerShell\v1.0\;C:\Program Files\Intel\WiFi\bin\;C:\Program Files\Common Files\Intel\WirelessCommon\;C:\Program Files\Crucial\Crucial Storage Executive\;C:\Python30\;C:\Program Files\Git\cmd\;C:\Program Files\Crucial\Crucial Storage Executive;C:\Users\Paul\AppData\Local\Android\sdk\platform-tools\;C:\Users\Paul\gradle;C:\Program Files (x86)\Lenovo\Access Connections\;C:\sqlite\;C:\JUnit;C:\Program Files (x86)\Skype\Phone\;C:\Program Files\Intel\WiFi\bin\;C:\Program Files\Common Files\Intel\WirelessCommon\
USERNAME=Paul
OS=Windows_NT
PROCESSOR_IDENTIFIER=Intel64 Family 6 Model 37 Stepping 5, GenuineIntel



---------------  S Y S T E M  ---------------

OS: Windows 7 , 64 bit Build 7601 (6.1.7601.23455)

CPU:total 4 (2 cores per cpu, 2 threads per core) family 6 model 37 stepping 5, cmov, cx8, fxsr, mmx, sse, sse2, sse3, ssse3, sse4.1, sse4.2, popcnt, aes, clmul, ht, tsc, tscinvbit

Memory: 4k page, physical 8179368k(1091400k free), swap 8177508k(4828k free)

vm_info: Java HotSpot(TM) 64-Bit Server VM (25.101-b13) for windows-amd64 JRE (1.8.0_101-b13), built on Jun 22 2016 01:21:29 by "java_re" with MS VC++ 10.0 (VS2010)

time: Sun Aug 28 15:02:06 2016
elapsed time: 5 seconds (0d 0h 0m 5s)

