#
# There is insufficient memory for the Java Runtime Environment to continue.
# Native memory allocation (malloc) failed to allocate 32744 bytes for ChunkPool::allocate
# Possible reasons:
#   The system is out of physical RAM or swap space
#   In 32 bit mode, the process size limit was hit
# Possible solutions:
#   Reduce memory load on the system
#   Increase physical memory or swap space
#   Check if swap backing store is full
#   Use 64 bit Java on a 64 bit OS
#   Decrease Java heap size (-Xmx/-Xms)
#   Decrease number of Java threads
#   Decrease Java thread stack sizes (-Xss)
#   Set larger code cache with -XX:ReservedCodeCacheSize=
# This output file may be truncated or incomplete.
#
#  Out of Memory Error (allocation.cpp:273), pid=7012, tid=0x0000000000001914
#
# JRE version: Java(TM) SE Runtime Environment (8.0_101-b13) (build 1.8.0_101-b13)
# Java VM: Java HotSpot(TM) 64-Bit Server VM (25.101-b13 mixed mode windows-amd64 compressed oops)
# Failed to write core dump. Minidumps are not enabled by default on client versions of Windows
#

---------------  T H R E A D  ---------------

Current thread (0x00000000550b7000):  JavaThread "C2 CompilerThread0" daemon [_thread_in_native, id=6420, stack(0x0000000056970000,0x0000000056a70000)]

Stack: [0x0000000056970000,0x0000000056a70000]
[error occurred during error reporting (printing stack bounds), id 0xc0000005]

Native frames: (J=compiled Java code, j=interpreted, Vv=VM code, C=native code)


Current CompileTask:
C2:   6712 1389       4      
[error occurred during error reporting (printing current compile task), id 0xe0000001]


---------------  P R O C E S S  ---------------

Java Threads: ( => current thread )
  0x0000000056ac6000 JavaThread "Service Thread" daemon [_thread_blocked, id=6168, stack(0x0000000057040000,0x0000000057140000)]
  0x0000000056ac5000 JavaThread "C1 CompilerThread2" daemon [_thread_blocked, id=7044, stack(0x0000000056e80000,0x0000000056f80000)]
  0x00000000550bb000 JavaThread "C2 CompilerThread1" daemon [_thread_in_native, id=4564, stack(0x0000000056730000,0x0000000056830000)]
=>0x00000000550b7000 JavaThread "C2 CompilerThread0" daemon [_thread_in_native, id=6420, stack(0x0000000056970000,0x0000000056a70000)]
  0x00000000550b2800 JavaThread "Attach Listener" daemon [_thread_blocked, id=1196, stack(0x0000000056840000,0x0000000056940000)]
  0x00000000550b1000 JavaThread "Signal Dispatcher" daemon [_thread_blocked, id=1412, stack(0x0000000056290000,0x0000000056390000)]
  0x0000000055099800 JavaThread "Finalizer" daemon [_thread_blocked, id=6324, stack(0x00000000565b0000,0x00000000566b0000)]
  0x0000000055052000 JavaThread "Reference Handler" daemon [_thread_blocked, id=6968, stack(0x00000000563e0000,0x00000000564e0000)]
  0x000000000236e000 JavaThread "main" [_thread_in_Java, id=6148, stack(0x00000000023f0000,0x00000000024f0000)]

Other Threads:
  0x000000005504a800 VMThread [stack: 0x0000000056150000,0x0000000056250000] [id=6248]
  0x0000000056ad2000 WatcherThread [stack: 0x00000000571d0000,0x00000000572d0000] [id=2164]

VM state:not at safepoint (normal execution)

VM Mutex/Monitor currently owned by a thread: None

Heap:
 PSYoungGen      total 37888K, used 6751K [0x00000000eab00000, 0x00000000ef500000, 0x0000000100000000)
  eden space 32768K, 4% used [0x00000000eab00000,0x00000000eac99360,0x00000000ecb00000)
  from space 5120K, 99% used [0x00000000ecb00000,0x00000000ecffeaa8,0x00000000ed000000)
  to   space 5120K, 0% used [0x00000000ef000000,0x00000000ef000000,0x00000000ef500000)
 ParOldGen       total 86016K, used 1854K [0x00000000c0000000, 0x00000000c5400000, 0x00000000eab00000)
  object space 86016K, 2% used [0x00000000c0000000,0x00000000c01cfb68,0x00000000c5400000)
 Metaspace       used 5839K, capacity 7024K, committed 7296K, reserved 1056768K
  class space    used 565K, capacity 616K, committed 640K, reserved 1048576K

Card table byte_map: [0x0000000011b80000,0x0000000011d90000] byte_map_base: 0x0000000011580000

Marking Bits: (ParMarkBitMap*) 0x000000006eb9a6d0
 Begin Bits: [0x00000000124c0000, 0x00000000134c0000)
 End Bits:   [0x00000000134c0000, 0x00000000144c0000)

Polling page: 0x0000000000150000

CodeCache: size=245760Kb used=5776Kb max_used=5786Kb free=239983Kb
 bounds [0x00000000027c0000, 0x0000000002d70000, 0x00000000117c0000]
 total_blobs=1645 nmethods=1381 adapters=178
 compilation: enabled

Compilation events (10 events):
Event: 6.686 Thread 0x0000000056ac5000 nmethod 1385 0x0000000002d66950 code [0x0000000002d66ac0, 0x0000000002d66f90]
Event: 6.686 Thread 0x0000000056ac5000 1386       3       java.lang.System$2::invokeFinalize (5 bytes)
Event: 6.687 Thread 0x0000000056ac5000 nmethod 1386 0x0000000002d670d0 code [0x0000000002d67240, 0x0000000002d67468]
Event: 6.687 Thread 0x0000000056ac5000 1387       3       java.lang.ref.Reference::clear (6 bytes)
Event: 6.687 Thread 0x0000000056ac5000 nmethod 1387 0x0000000002d67510 code [0x0000000002d67660, 0x0000000002d677d0]
Event: 6.694 Thread 0x00000000550bb000 nmethod 1388 0x0000000002d6a850 code [0x0000000002d6a9c0, 0x0000000002d6adb8]
Event: 6.699 Thread 0x00000000550b7000 1389       4       com.android.dx.dex.code.RopToDop::dopFor (792 bytes)
Event: 6.701 Thread 0x0000000056ac5000 1390       3       com.android.dx.dex.file.CodeItem::<init> (81 bytes)
Event: 6.701 Thread 0x0000000056ac5000 nmethod 1390 0x0000000002d69fd0 code [0x0000000002d6a180, 0x0000000002d6a678]
Event: 6.702 Thread 0x00000000550bb000 1391   !   4       com.android.dx.cf.code.BytecodeArray::parseInstruction (2764 bytes)

GC Heap History (2 events):
Event: 4.760 GC heap before
{Heap before GC invocations=1 (full 0):
 PSYoungGen      total 37888K, used 32768K [0x00000000eab00000, 0x00000000ed500000, 0x0000000100000000)
  eden space 32768K, 100% used [0x00000000eab00000,0x00000000ecb00000,0x00000000ecb00000)
  from space 5120K, 0% used [0x00000000ed000000,0x00000000ed000000,0x00000000ed500000)
  to   space 5120K, 0% used [0x00000000ecb00000,0x00000000ecb00000,0x00000000ed000000)
 ParOldGen       total 86016K, used 0K [0x00000000c0000000, 0x00000000c5400000, 0x00000000eab00000)
  object space 86016K, 0% used [0x00000000c0000000,0x00000000c0000000,0x00000000c5400000)
 Metaspace       used 5832K, capacity 7024K, committed 7296K, reserved 1056768K
  class space    used 565K, capacity 616K, committed 640K, reserved 1048576K
Event: 5.467 GC heap after
Heap after GC invocations=1 (full 0):
 PSYoungGen      total 37888K, used 5114K [0x00000000eab00000, 0x00000000ef500000, 0x0000000100000000)
  eden space 32768K, 0% used [0x00000000eab00000,0x00000000eab00000,0x00000000ecb00000)
  from space 5120K, 99% used [0x00000000ecb00000,0x00000000ecffeaa8,0x00000000ed000000)
  to   space 5120K, 0% used [0x00000000ef000000,0x00000000ef000000,0x00000000ef500000)
 ParOldGen       total 86016K, used 1854K [0x00000000c0000000, 0x00000000c5400000, 0x00000000eab00000)
  object space 86016K, 2% used [0x00000000c0000000,0x00000000c01cfb68,0x00000000c5400000)
 Metaspace       used 5832K, capacity 7024K, committed 7296K, reserved 1056768K
  class space    used 565K, capacity 616K, committed 640K, reserved 1048576K
}

Deoptimization events (10 events):
Event: 1.790 Thread 0x000000000236e000 Uncommon trap: reason=class_check action=maybe_recompile pc=0x0000000002add194 method=com.android.dx.rop.type.Type.equals(Ljava/lang/Object;)Z @ 8
Event: 1.791 Thread 0x000000000236e000 Uncommon trap: reason=unstable_if action=reinterpret pc=0x0000000002b9f598 method=com.android.dx.rop.code.RegisterSpec.equals(ILcom/android/dx/rop/type/TypeBearer;Lcom/android/dx/rop/code/LocalItem;)Z @ 16
Event: 1.791 Thread 0x000000000236e000 Uncommon trap: reason=class_check action=maybe_recompile pc=0x0000000002add194 method=com.android.dx.rop.type.Type.equals(Ljava/lang/Object;)Z @ 8
Event: 1.792 Thread 0x000000000236e000 Uncommon trap: reason=unstable_if action=reinterpret pc=0x0000000002add178 method=com.android.dx.rop.code.RegisterSpec.equals(ILcom/android/dx/rop/type/TypeBearer;Lcom/android/dx/rop/code/LocalItem;)Z @ 16
Event: 2.521 Thread 0x000000000236e000 Uncommon trap: reason=null_check action=make_not_entrant pc=0x0000000002ae3450 method=com.android.dx.ssa.SsaRenamer.getLocalForNewReg(I)Lcom/android/dx/rop/code/LocalItem; @ 19
Event: 2.595 Thread 0x000000000236e000 Uncommon trap: reason=unstable_if action=reinterpret pc=0x00000000029e10d4 method=java.util.HashMap.getNode(ILjava/lang/Object;)Ljava/util/HashMap$Node; @ 62
Event: 2.595 Thread 0x000000000236e000 Uncommon trap: reason=bimorphic action=maybe_recompile pc=0x0000000002c55f50 method=java.util.HashMap.putVal(ILjava/lang/Object;Ljava/lang/Object;ZZ)Ljava/lang/Object; @ 91
Event: 3.646 Thread 0x000000000236e000 Uncommon trap: reason=unstable_if action=reinterpret pc=0x0000000002b3ba44 method=com.android.dx.rop.cst.Constant.compareTo(Lcom/android/dx/rop/cst/Constant;)I @ 12
Event: 3.926 Thread 0x000000000236e000 Uncommon trap: reason=null_check action=make_not_entrant pc=0x0000000002bea1d0 method=com.android.dx.rop.type.Type.equals(Ljava/lang/Object;)Z @ 8
Event: 4.416 Thread 0x000000000236e000 Uncommon trap: reason=unstable_if action=reinterpret pc=0x0000000002b937ec method=com.android.dx.rop.code.RegisterSpec.equals(ILcom/android/dx/rop/type/TypeBearer;Lcom/android/dx/rop/code/LocalItem;)Z @ 16

Internal exceptions (4 events):
Event: 0.070 Thread 0x000000000236e000 Exception <a 'java/lang/NoSuchMethodError': Method sun.misc.Unsafe.defineClass(Ljava/lang/String;[BII)Ljava/lang/Class; name or signature does not match> (0x00000000eab07cc0) thrown at [C:\re\workspace\8-2-build-windows-amd64-cygwin\jdk8u101\7261\hotspot\s¹u»óKÞ±?
Event: 0.070 Thread 0x000000000236e000 Exception <a 'java/lang/NoSuchMethodError': Method sun.misc.Unsafe.prefetchRead(Ljava/lang/Object;J)V name or signature does not match> (0x00000000eab07fa8) thrown at [C:\re\workspace\8-2-build-windows-amd64-cygwin\jdk8u101\7261\hotspot\src\share\vm\prims\gúv*@
Event: 2.521 Thread 0x000000000236e000 Implicit null exception at 0x0000000002ae178b to 0x0000000002ae3405
Event: 3.926 Thread 0x000000000236e000 Implicit null exception at 0x0000000002bea0d2 to 0x0000000002bea1c2

Events (10 events):
Event: 3.926 Thread 0x000000000236e000 DEOPT UNPACKING pc=0x000000000280582a sp=0x00000000024ee268 mode 2
Event: 4.240 Executing VM operation: EnableBiasedLocking
Event: 4.334 Executing VM operation: EnableBiasedLocking done
Event: 4.343 Thread 0x000000000236e000 DEOPT PACKING pc=0x0000000002b22f6f sp=0x00000000024ee450
Event: 4.343 Thread 0x000000000236e000 DEOPT UNPACKING pc=0x000000000280747f sp=0x00000000024ee1e8 mode 0
Event: 4.416 Thread 0x000000000236e000 Uncommon trap: trap_request=0xffffff65 fr.pc=0x0000000002b937ec
Event: 4.416 Thread 0x000000000236e000 DEOPT PACKING pc=0x0000000002b937ec sp=0x00000000024ee5f0
Event: 4.416 Thread 0x000000000236e000 DEOPT UNPACKING pc=0x000000000280582a sp=0x00000000024ee448 mode 2
Event: 4.760 Executing VM operation: ParallelGCFailedAllocation
Event: 5.467 Executing VM operation: ParallelGCFailedAllocation done


Dynamic libraries:
0x000000013f4e0000 - 0x000000013f517000 	C:\Program Files\Java\jdk1.8.0_101\bin\java.exe
0x00000000771f0000 - 0x000000007739b000 	C:\Windows\SYSTEM32\ntdll.dll
0x00000000770d0000 - 0x00000000771ef000 	C:\Windows\system32\kernel32.dll
0x000007fefd240000 - 0x000007fefd2aa000 	C:\Windows\system32\KERNELBASE.dll
0x000007fefed50000 - 0x000007fefee2b000 	C:\Windows\system32\ADVAPI32.dll
0x000007fefe790000 - 0x000007fefe82f000 	C:\Windows\system32\msvcrt.dll
0x000007fefeac0000 - 0x000007fefeadf000 	C:\Windows\SYSTEM32\sechost.dll
0x000007fefd4f0000 - 0x000007fefd61d000 	C:\Windows\system32\RPCRT4.dll
0x0000000076fd0000 - 0x00000000770ca000 	C:\Windows\system32\USER32.dll
0x000007fefd370000 - 0x000007fefd3d7000 	C:\Windows\system32\GDI32.dll
0x000007fefe6e0000 - 0x000007fefe6ee000 	C:\Windows\system32\LPK.dll
0x000007fefe610000 - 0x000007fefe6da000 	C:\Windows\system32\USP10.dll
0x000007fefb990000 - 0x000007fefbb84000 	C:\Windows\WinSxS\amd64_microsoft.windows.common-controls_6595b64144ccf1df_6.0.7601.18837_none_fa3b1e3d17594757\COMCTL32.dll
0x000007fefea40000 - 0x000007fefeab1000 	C:\Windows\system32\SHLWAPI.dll
0x000007fefd6c0000 - 0x000007fefd6ee000 	C:\Windows\system32\IMM32.DLL
0x000007fefd3e0000 - 0x000007fefd4e9000 	C:\Windows\system32\MSCTF.dll
0x000007fefd1b0000 - 0x000007fefd1b5000 	C:\Windows\system32\api-ms-win-downlevel-advapi32-l1-1-0.dll
0x000007fefcd40000 - 0x000007fefcd65000 	C:\Windows\system32\SspiCli.dll
0x0000000073a00000 - 0x0000000073ad2000 	C:\Program Files\Java\jdk1.8.0_101\jre\bin\msvcr100.dll
0x000000006e380000 - 0x000000006ec1a000 	C:\Program Files\Java\jdk1.8.0_101\jre\bin\server\jvm.dll
0x000007fef7500000 - 0x000007fef7509000 	C:\Windows\system32\WSOCK32.dll
0x000007feff3d0000 - 0x000007feff41d000 	C:\Windows\system32\WS2_32.dll
0x000007fefed40000 - 0x000007fefed48000 	C:\Windows\system32\NSI.dll
0x000007fefaef0000 - 0x000007fefaf2b000 	C:\Windows\system32\WINMM.dll
0x000007fefc020000 - 0x000007fefc02c000 	C:\Windows\system32\VERSION.dll
0x00000000773b0000 - 0x00000000773b7000 	C:\Windows\system32\PSAPI.DLL
0x0000000074bc0000 - 0x0000000074bcf000 	C:\Program Files\Java\jdk1.8.0_101\jre\bin\verify.dll
0x0000000074b90000 - 0x0000000074bb9000 	C:\Program Files\Java\jdk1.8.0_101\jre\bin\java.dll
0x0000000074b70000 - 0x0000000074b86000 	C:\Program Files\Java\jdk1.8.0_101\jre\bin\zip.dll
0x000007fefd880000 - 0x000007fefe60c000 	C:\Windows\system32\SHELL32.dll
0x000007fefe830000 - 0x000007fefea33000 	C:\Windows\system32\ole32.dll
0x000007fefcf40000 - 0x000007fefcf4f000 	C:\Windows\system32\profapi.dll

VM Arguments:
jvm_args: -Djava.awt.headless=true -Xmx1024M -Dfile.encoding=windows-1252 -Duser.country=US -Duser.language=en -Duser.variant 
java_command: com.android.dx.command.Main --dex --force-jumbo --multi-dex --output C:\Users\Paul\AndroidStudioProjects\Sunshine\app\build\intermediates\transforms\dex\debug\folders\1000\10\com.android.support-support-media-compat-24.2.0_f0445fffe44331232638cf3ef29ac155f4aebc7a C:\Users\Paul\AndroidStudioProjects\Sunshine\app\build\intermediates\exploded-aar\com.android.support\support-media-compat\24.2.0\jars\classes.jar
java_class_path (initial): C:\Users\Paul\AppData\Local\Android\sdk\build-tools\21.1.2\lib\dx.jar
Launcher Type: SUN_STANDARD

Environment Variables:
CLASSPATH=%CLASSPATH%;JUnit\junit4.12.jar;JUnit\junit4.12.jar;JUnit\junit4.12.jar
PATH=C:\ProgramData\Oracle\Java\javapath;C:\Python27\;C:\Python27\Scripts;C:\Python34\;C:\Python34\Scripts;C:\Windows\system32;C:\Windows;C:\Windows\System32\Wbem;C:\Windows\System32\WindowsPowerShell\v1.0\;C:\Program Files\Intel\WiFi\bin\;C:\Program Files\Common Files\Intel\WirelessCommon\;C:\Program Files\Crucial\Crucial Storage Executive\;C:\Python30\;C:\Program Files\Git\cmd\;C:\Program Files\Crucial\Crucial Storage Executive;C:\Users\Paul\AppData\Local\Android\sdk\platform-tools\;C:\Users\Paul\gradle;C:\Program Files (x86)\Lenovo\Access Connections\;C:\sqlite\;C:\JUnit;C:\Program Files (x86)\Skype\Phone\;C:\Program Files\Intel\WiFi\bin\;C:\Program Files\Common Files\Intel\WirelessCommon\
USERNAME=Paul
OS=Windows_NT
PROCESSOR_IDENTIFIER=Intel64 Family 6 Model 37 Stepping 5, GenuineIntel



---------------  S Y S T E M  ---------------

OS: Windows 7 , 64 bit Build 7601 (6.1.7601.23455)

CPU:total 4 (2 cores per cpu, 2 threads per core) family 6 model 37 stepping 5, cmov, cx8, fxsr, mmx, sse, sse2, sse3, ssse3, sse4.1, sse4.2, popcnt, aes, clmul, ht, tsc, tscinvbit

Memory: 4k page, physical 8179368k(1090140k free), swap 8177508k(5104k free)

vm_info: Java HotSpot(TM) 64-Bit Server VM (25.101-b13) for windows-amd64 JRE (1.8.0_101-b13), built on Jun 22 2016 01:21:29 by "java_re" with MS VC++ 10.0 (VS2010)

time: Sun Aug 28 15:02:06 2016
elapsed time: 6 seconds (0d 0h 0m 6s)

